<?xml version="1.0" encoding="UTF-8"?>
<!-- Generated by org.testng.reporters.JUnitReportReporter -->
<testsuite hostname="PE-HO-111" failures="0" tests="1" name="com.demoautomatizacion.test.LoginTest" time="31.192" errors="0" timestamp="08 feb. 2021 20:35:03 GMT" skipped="0">
  <testcase classname="com.demoautomatizacion.test.LoginTest" name="ingresarPortalFedepalma" time="31.192"/>
</testsuite> <!-- com.demoautomatizacion.test.LoginTest -->
