<?xml version="1.0" encoding="UTF-8"?>
<!-- Generated by org.testng.reporters.JUnitReportReporter -->
<testsuite hostname="PE-HO-195" failures="0" tests="1" name="com.FormularioFDC.test.BorrarFDCTest" time="59.509" errors="0" timestamp="14 ene. 2022 19:20:58 GMT" skipped="0">
  <testcase classname="com.FormularioFDC.test.BorrarFDCTest" name="CargarDCDPortalFedepalma" time="59.509"/>
</testsuite> <!-- com.FormularioFDC.test.BorrarFDCTest -->
