<?xml version="1.0" encoding="UTF-8"?>
<!-- Generated by org.testng.reporters.JUnitReportReporter -->
<testsuite hostname="PE-HO-111" failures="0" tests="1" name="com.demoautomatizacion.test.Login_Test" time="37.067" errors="0" timestamp="01 mar. 2021 13:42:16 GMT" skipped="0">
  <testcase classname="com.demoautomatizacion.test.Login_Test" name="ingresarPortalFedepalma" time="37.067"/>
</testsuite> <!-- com.demoautomatizacion.test.Login_Test -->
