<?xml version="1.0" encoding="UTF-8"?>
<!-- Generated by org.testng.reporters.JUnitReportReporter -->
<testsuite hostname="PE-HO-507" failures="0" tests="1" name="com.ConsultaDCD.test.ExepcionRevisarDCDTest" time="88.381" errors="0" timestamp="23 sept 2022 18:05:21 GMT" skipped="0">
  <testcase classname="com.ConsultaDCD.test.ExepcionRevisarDCDTest" name="ExepcionesRevisarDCDPortalFedepalma" time="88.381"/>
</testsuite> <!-- com.ConsultaDCD.test.ExepcionRevisarDCDTest -->
