<?xml version="1.0" encoding="UTF-8"?>
<!-- Generated by org.testng.reporters.JUnitReportReporter -->
<testsuite hostname="PE-HO-195" failures="0" tests="1" name="com.FormularioFDC.test.ExepcionesRevisarFDCTest" time="77.553" errors="0" timestamp="14 ene. 2022 21:02:42 GMT" skipped="0">
  <testcase classname="com.FormularioFDC.test.ExepcionesRevisarFDCTest" name="RevisarDCDPortalFedepalma" time="77.553"/>
</testsuite> <!-- com.FormularioFDC.test.ExepcionesRevisarFDCTest -->
