<?xml version="1.0" encoding="UTF-8"?>
<!-- Generated by org.testng.reporters.JUnitReportReporter -->
<testsuite hostname="PE-HO-507" failures="0" tests="1" name="com.ConsultaDCD.test.ExepcionGenerarDCDTest" time="88.622" errors="0" timestamp="23 sept 2022 18:03:20 GMT" skipped="0">
  <testcase classname="com.ConsultaDCD.test.ExepcionGenerarDCDTest" name="ExepcionesGenerarDCDPortalFedepalma" time="88.622"/>
</testsuite> <!-- com.ConsultaDCD.test.ExepcionGenerarDCDTest -->
