<?xml version="1.0" encoding="UTF-8"?>
<!-- Generated by org.testng.reporters.JUnitReportReporter -->
<testsuite hostname="PE-HO-365" failures="0" tests="1" name="com.FormularioNuevoFFP.test.FirmaGerenteTest" time="198.011" errors="0" timestamp="14 oct. 2021 17:47:17 GMT" skipped="0">
  <testcase classname="com.FormularioNuevoFFP.test.FirmaGerenteTest" name="FirmaGerenteFFP" time="198.011"/>
</testsuite> <!-- com.FormularioNuevoFFP.test.FirmaGerenteTest -->
