<?xml version="1.0" encoding="UTF-8"?>
<!-- Generated by org.testng.reporters.JUnitReportReporter -->
<testsuite hostname="PE-HO-274" failures="0" tests="1" name="com.FormularioFDC.test.EditarFDCTest" time="168.213" errors="0" timestamp="23 sep. 2022 17:14:55 GMT" skipped="0">
  <testcase classname="com.FormularioFDC.test.EditarFDCTest" name="CargarDCDPortalFedepalma" time="168.213"/>
</testsuite> <!-- com.FormularioFDC.test.EditarFDCTest -->
