<?xml version="1.0" encoding="UTF-8"?>
<!-- Generated by org.testng.reporters.JUnitReportReporter -->
<testsuite hostname="PE-HO-195" failures="0" tests="1" name="com.FormularioFDC.test.ExepcionesCrearFDCTest" time="223.567" errors="0" timestamp="14 ene. 2022 21:00:52 GMT" skipped="0">
  <testcase classname="com.FormularioFDC.test.ExepcionesCrearFDCTest" name="CrearDCDPortalFedepalma" time="223.567"/>
</testsuite> <!-- com.FormularioFDC.test.ExepcionesCrearFDCTest -->
