<?xml version="1.0" encoding="UTF-8"?>
<!-- Generated by org.testng.reporters.JUnitReportReporter -->
<testsuite hostname="PE-HO-507" failures="0" tests="1" name="com.ConsultaDCD.test.ExepcionesCrearDCDTest" time="147.389" errors="0" timestamp="23 sept 2022 18:01:07 GMT" skipped="0">
  <testcase classname="com.ConsultaDCD.test.ExepcionesCrearDCDTest" name="ExepcionesCrearDCDPortalFedepalma" time="147.389"/>
</testsuite> <!-- com.ConsultaDCD.test.ExepcionesCrearDCDTest -->
