<?xml version="1.0" encoding="UTF-8"?>
<!-- Generated by org.testng.reporters.JUnitReportReporter -->
<testsuite hostname="PE-HO-274" failures="0" tests="1" name="com.FormularioFDC.test.Editar_FDCTest" time="290.218" errors="0" timestamp="23 sep. 2022 17:11:10 GMT" skipped="0">
  <testcase classname="com.FormularioFDC.test.Editar_FDCTest" name="EditarEstadoBorradorPortalFedepalma" time="290.218"/>
</testsuite> <!-- com.FormularioFDC.test.Editar_FDCTest -->
