<?xml version="1.0" encoding="UTF-8"?>
<!-- Generated by org.testng.reporters.JUnitReportReporter -->
<testsuite hostname="PE-HO-365" failures="0" tests="1" name="com.AdministracionSolicitudesNuevos.test.CreacionSolicitudTest" time="32.851" errors="0" timestamp="09 sep. 2021 21:02:40 GMT" skipped="0">
  <testcase classname="com.AdministracionSolicitudesNuevos.test.CreacionSolicitudTest" name="EliminarUsuario" time="32.851"/>
</testsuite> <!-- com.AdministracionSolicitudesNuevos.test.CreacionSolicitudTest -->
