<?xml version="1.0" encoding="UTF-8"?>
<!-- Generated by org.testng.reporters.JUnitReportReporter -->
<testsuite hostname="PE-HO-195" failures="0" tests="1" name="com.FormularioFDC.test.ExepcionCrearFDCTest" time="57.741" errors="0" timestamp="14 ene. 2022 20:40:41 GMT" skipped="0">
  <testcase classname="com.FormularioFDC.test.ExepcionCrearFDCTest" name="ExepcionCrearFDCPortalFedepalma" time="57.741"/>
</testsuite> <!-- com.FormularioFDC.test.ExepcionCrearFDCTest -->
