<?xml version="1.0" encoding="UTF-8"?>
<!-- Generated by org.testng.reporters.JUnitReportReporter -->
<testsuite hostname="PE-HO-365" failures="0" tests="1" name="com.FormularioNuevoFFP.test.CreacionNuevaDeclaracionTest" time="349.006" errors="0" timestamp="14 oct. 2021 17:31:43 GMT" skipped="0">
  <testcase classname="com.FormularioNuevoFFP.test.CreacionNuevaDeclaracionTest" name="CrearNuevaDeclaracionFFP" time="349.006"/>
</testsuite> <!-- com.FormularioNuevoFFP.test.CreacionNuevaDeclaracionTest -->
