<?xml version="1.0" encoding="UTF-8"?>
<!-- Generated by org.testng.reporters.JUnitReportReporter -->
<testsuite hostname="PE-HO-365" failures="0" tests="1" name="com.FormularioNuevoFFP.test.DeclararFFPTest" time="371.915" errors="0" timestamp="14 oct. 2021 17:38:19 GMT" skipped="0">
  <testcase classname="com.FormularioNuevoFFP.test.DeclararFFPTest" name="DeclararFFP" time="371.915"/>
</testsuite> <!-- com.FormularioNuevoFFP.test.DeclararFFPTest -->
