<?xml version="1.0" encoding="UTF-8"?>
<!-- Generated by org.testng.reporters.JUnitReportReporter -->
<testsuite hostname="PE-HO-195" failures="0" tests="1" name="com.ConsultaDCD.test.CargaMasivaDCDTest" time="113.004" errors="0" timestamp="17 ene. 2022 19:54:46 GMT" skipped="0">
  <testcase classname="com.ConsultaDCD.test.CargaMasivaDCDTest" name="CargarDCDPortalFedepalma" time="113.004"/>
</testsuite> <!-- com.ConsultaDCD.test.CargaMasivaDCDTest -->
