<?xml version="1.0" encoding="UTF-8"?>
<!-- Generated by org.testng.reporters.JUnitReportReporter -->
<testsuite hostname="PE-HO-274" failures="0" tests="1" name="com.FormularioFDC.test.HistorialFDCTest" time="104.483" errors="0" timestamp="23 sep. 2022 17:33:53 GMT" skipped="0">
  <testcase classname="com.FormularioFDC.test.HistorialFDCTest" name="HistorialFDCPortalFedepalma" time="104.483"/>
</testsuite> <!-- com.FormularioFDC.test.HistorialFDCTest -->
