<?xml version="1.0" encoding="UTF-8"?>
<!-- Generated by org.testng.reporters.JUnitReportReporter -->
<testsuite hostname="PE-HO-274" failures="0" tests="1" name="com.AdministracionUsuariosNuevos.test.BloqueantesUETest" time="187.255" errors="0" timestamp="23 sep. 2022 18:31:02 GMT" skipped="0">
  <testcase classname="com.AdministracionUsuariosNuevos.test.BloqueantesUETest" name="QuitarPermisoEmailUE" time="187.255"/>
</testsuite> <!-- com.AdministracionUsuariosNuevos.test.BloqueantesUETest -->
