<?xml version="1.0" encoding="UTF-8"?>
<!-- Generated by org.testng.reporters.JUnitReportReporter -->
<testsuite hostname="PE-HO-365" failures="0" tests="1" name="com.FormularioNuevoFFP.test.BorrarFFPTest" time="126.823" errors="0" timestamp="14 oct. 2021 17:49:56 GMT" skipped="0">
  <testcase classname="com.FormularioNuevoFFP.test.BorrarFFPTest" name="BorrarFFP" time="126.823"/>
</testsuite> <!-- com.FormularioNuevoFFP.test.BorrarFFPTest -->
