<?xml version="1.0" encoding="UTF-8"?>
<!-- Generated by org.testng.reporters.JUnitReportReporter -->
<testsuite hostname="PE-HO-274" failures="0" tests="1" name="com.FormularioFDC.test.ObservarFDCTest" time="112.774" errors="0" timestamp="23 sep. 2022 17:36:31 GMT" skipped="0">
  <testcase classname="com.FormularioFDC.test.ObservarFDCTest" name="ObservarFDCPortalFedepalma" time="112.774"/>
</testsuite> <!-- com.FormularioFDC.test.ObservarFDCTest -->
