<?xml version="1.0" encoding="UTF-8"?>
<!-- Generated by org.testng.reporters.JUnitReportReporter -->
<testsuite hostname="PE-HO-365" failures="0" tests="1" name="com.FormularioFDC.test.ObservarFDCTest" time="115.928" errors="0" timestamp="31 ago. 2021 21:11:49 GMT" skipped="0">
  <testcase classname="com.FormularioFDC.test.ObservarFDCTest" name="ObservarFDCPortalFedepalma" time="115.928"/>
</testsuite> <!-- com.FormularioFDC.test.ObservarFDCTest -->
