<?xml version="1.0" encoding="UTF-8"?>
<!-- Generated by org.testng.reporters.JUnitReportReporter -->
<testsuite hostname="PE-HO-274" failures="0" tests="1" name="com.FormularioFDC.test.ExepcionesCrearFDCTest" time="417.484" errors="0" timestamp="23 sep. 2022 17:25:13 GMT" skipped="0">
  <testcase classname="com.FormularioFDC.test.ExepcionesCrearFDCTest" name="CrearDCDPortalFedepalma" time="417.484"/>
</testsuite> <!-- com.FormularioFDC.test.ExepcionesCrearFDCTest -->
