<?xml version="1.0" encoding="UTF-8"?>
<!-- Generated by org.testng.reporters.JUnitReportReporter -->
<testsuite hostname="PE-HO-507" failures="0" tests="1" name="com.ConsultaDCD.test.ExepcionConsultarDCDTest" time="122.184" errors="0" timestamp="23 sept 2022 17:57:43 GMT" skipped="0">
  <testcase classname="com.ConsultaDCD.test.ExepcionConsultarDCDTest" name="ExepcionesConsultarDCDPortalFedepalma" time="122.184"/>
</testsuite> <!-- com.ConsultaDCD.test.ExepcionConsultarDCDTest -->
