<?xml version="1.0" encoding="UTF-8"?>
<!-- Generated by org.testng.reporters.JUnitReportReporter -->
<testsuite hostname="PE-HO-195" failures="0" tests="1" name="com.FormularioFDC.test.Editar_FDCTest" time="202.550" errors="0" timestamp="14 ene. 2022 20:20:55 GMT" skipped="0">
  <testcase classname="com.FormularioFDC.test.Editar_FDCTest" name="EditarEstadoBorradorPortalFedepalma" time="202.550"/>
</testsuite> <!-- com.FormularioFDC.test.Editar_FDCTest -->
