<?xml version="1.0" encoding="UTF-8"?>
<!-- Generated by org.testng.reporters.JUnitReportReporter -->
<testsuite hostname="PE-HO-274" failures="0" tests="1" name="com.FormularioFDC.test.CrearTest" time="263.392" errors="0" timestamp="23 sep. 2022 17:05:47 GMT" skipped="0">
  <testcase classname="com.FormularioFDC.test.CrearTest" name="CrearIncumplimientoPortalFedepalma" time="263.392"/>
</testsuite> <!-- com.FormularioFDC.test.CrearTest -->
