<?xml version="1.0" encoding="UTF-8"?>
<!-- Generated by org.testng.reporters.JUnitReportReporter -->
<testsuite hostname="PE-HO-274" failures="0" tests="1" name="com.FormularioFDC.test.BorrarFDCTest" time="125.582" errors="0" timestamp="23 sep. 2022 16:07:03 GMT" skipped="0">
  <testcase classname="com.FormularioFDC.test.BorrarFDCTest" name="CargarDCDPortalFedepalma" time="125.582"/>
</testsuite> <!-- com.FormularioFDC.test.BorrarFDCTest -->
