<?xml version="1.0" encoding="UTF-8"?>
<!-- Generated by org.testng.reporters.JUnitReportReporter -->
<testsuite hostname="PE-HO-365" failures="0" tests="1" name="com.FormularioNuevoFFP.test.EdicionFFPTest" time="270.877" errors="0" timestamp="14 oct. 2021 17:43:15 GMT" skipped="0">
  <testcase classname="com.FormularioNuevoFFP.test.EdicionFFPTest" name="EditarFFP" time="270.877"/>
</testsuite> <!-- com.FormularioNuevoFFP.test.EdicionFFPTest -->
