<?xml version="1.0" encoding="UTF-8"?>
<!-- Generated by org.testng.reporters.JUnitReportReporter -->
<testsuite hostname="PE-HO-365" failures="0" tests="1" name="com.FormularioNuevoFFP.test.FiltrarFFPTest" time="70.662" errors="0" timestamp="13 oct. 2021 14:59:26 GMT" skipped="0">
  <testcase classname="com.FormularioNuevoFFP.test.FiltrarFFPTest" name="FiltrarFFP" time="70.662"/>
</testsuite> <!-- com.FormularioNuevoFFP.test.FiltrarFFPTest -->
