<?xml version="1.0" encoding="UTF-8"?>
<!-- Generated by org.testng.reporters.JUnitReportReporter -->
<testsuite hostname="PE-HO-274" failures="0" tests="1" name="com.demoautomatizacion.test.LoginTest" time="34.818" errors="0" timestamp="23 sep. 2022 17:42:39 GMT" skipped="0">
  <testcase classname="com.demoautomatizacion.test.LoginTest" name="ingresarPortalFedepalma" time="34.818"/>
</testsuite> <!-- com.demoautomatizacion.test.LoginTest -->
