<?xml version="1.0" encoding="UTF-8"?>
<!-- Generated by org.testng.reporters.JUnitReportReporter -->
<testsuite hostname="PE-HO-507" failures="0" tests="1" name="com.ConsultaDCD.test.CargaMasivaDCDTest" time="155.144" errors="0" timestamp="23 sept 2022 17:43:20 GMT" skipped="0">
  <testcase classname="com.ConsultaDCD.test.CargaMasivaDCDTest" name="CargarDCDPortalFedepalma" time="155.144"/>
</testsuite> <!-- com.ConsultaDCD.test.CargaMasivaDCDTest -->
