<?xml version="1.0" encoding="UTF-8"?>
<!-- Generated by org.testng.reporters.JUnitReportReporter -->
<testsuite hostname="PE-HO-365" failures="0" tests="1" name="com.Trazabilidad.test.TrazabilidadTest" time="54.504" errors="0" timestamp="22 sep. 2021 17:58:06 GMT" skipped="0">
  <testcase classname="com.Trazabilidad.test.TrazabilidadTest" name="TrazabilidadPortalFedepalma" time="54.504"/>
</testsuite> <!-- com.Trazabilidad.test.TrazabilidadTest -->
