<?xml version="1.0" encoding="UTF-8"?>
<!-- Generated by org.testng.reporters.JUnitReportReporter -->
<testsuite hostname="PE-HO-365" failures="0" tests="1" name="com.RevicionesRYP.test.FiltrosDiasEnProcesoTest" time="95.410" errors="0" timestamp="30 sep. 2021 15:43:33 GMT" skipped="0">
  <testcase classname="com.RevicionesRYP.test.FiltrosDiasEnProcesoTest" name="ValidarFiltroDiasPPortalFedepalma" time="95.410"/>
</testsuite> <!-- com.RevicionesRYP.test.FiltrosDiasEnProcesoTest -->
