<?xml version="1.0" encoding="UTF-8"?>
<!-- Generated by org.testng.reporters.JUnitReportReporter -->
<testsuite hostname="PE-HO-195" failures="0" tests="2" name="com.FormularioFDC.test.CargaMasivaFDC2Test" time="122.182" errors="0" timestamp="14 ene. 2022 19:23:52 GMT" skipped="0">
  <testcase classname="com.FormularioFDC.test.CargaMasivaFDC2Test" name="CargarDEXPortalFedepalma" time="62.369"/>
  <testcase classname="com.FormularioFDC.test.CargaMasivaFDC2Test" name="CargaFMMPortalFedepalma" time="59.813"/>
</testsuite> <!-- com.FormularioFDC.test.CargaMasivaFDC2Test -->
