<?xml version="1.0" encoding="UTF-8"?>
<!-- Generated by org.testng.reporters.JUnitReportReporter -->
<testsuite hostname="PE-HO-274" failures="0" tests="1" name="com.FormularioFDC.test.ExepcionesRevisarFDCTest" time="136.226" errors="0" timestamp="23 sep. 2022 17:28:14 GMT" skipped="0">
  <testcase classname="com.FormularioFDC.test.ExepcionesRevisarFDCTest" name="RevisarDCDPortalFedepalma" time="136.226"/>
</testsuite> <!-- com.FormularioFDC.test.ExepcionesRevisarFDCTest -->
