<?xml version="1.0" encoding="UTF-8"?>
<!-- Generated by org.testng.reporters.JUnitReportReporter -->
<testsuite hostname="PE-HO-195" failures="0" tests="1" name="com.FormularioFSC.test.FormularioFSCTest" time="35.370" errors="0" timestamp="17 ene. 2022 21:26:25 GMT" skipped="0">
  <testcase classname="com.FormularioFSC.test.FormularioFSCTest" name="BuscarE" time="35.370"/>
</testsuite> <!-- com.FormularioFSC.test.FormularioFSCTest -->
