<?xml version="1.0" encoding="UTF-8"?>
<!-- Generated by org.testng.reporters.JUnitReportReporter -->
<testsuite hostname="PE-HO-195" failures="0" tests="1" name="com.FormularioFDC.test.CrearEsFDCTest" time="469.208" errors="0" timestamp="14 ene. 2022 19:16:40 GMT" skipped="0">
  <testcase classname="com.FormularioFDC.test.CrearEsFDCTest" name="CrearFDCEspecialPortalFedepalma" time="469.208"/>
</testsuite> <!-- com.FormularioFDC.test.CrearEsFDCTest -->
