<?xml version="1.0" encoding="UTF-8"?>
<!-- Generated by org.testng.reporters.JUnitReportReporter -->
<testsuite hostname="PE-HO-274" failures="0" tests="1" name="com.demoautomatizacion.test.Login_Test" time="42.126" errors="0" timestamp="23 sep. 2022 17:41:03 GMT" skipped="0">
  <testcase classname="com.demoautomatizacion.test.Login_Test" name="ingresarPortalFedepalma" time="42.126"/>
</testsuite> <!-- com.demoautomatizacion.test.Login_Test -->
