<?xml version="1.0" encoding="UTF-8"?>
<!-- Generated by org.testng.reporters.JUnitReportReporter -->
<testsuite hostname="PE-HO-195" failures="0" tests="1" name="com.FormularioFDC.test.EditarFDCTest" time="89.174" errors="0" timestamp="14 ene. 2022 20:38:57 GMT" skipped="0">
  <testcase classname="com.FormularioFDC.test.EditarFDCTest" name="CargarDCDPortalFedepalma" time="89.174"/>
</testsuite> <!-- com.FormularioFDC.test.EditarFDCTest -->
