<?xml version="1.0" encoding="UTF-8"?>
<!-- Generated by org.testng.reporters.JUnitReportReporter -->
<testsuite hostname="PE-HO-365" failures="0" tests="1" name="com.FormularioNuevoFFP.test.CreacionNuevaDeclaracion2Test" time="252.887" errors="0" timestamp="14 oct. 2021 17:25:42 GMT" skipped="0">
  <testcase classname="com.FormularioNuevoFFP.test.CreacionNuevaDeclaracion2Test" name="CrearNuevaDeclaracionFFP" time="252.887"/>
</testsuite> <!-- com.FormularioNuevoFFP.test.CreacionNuevaDeclaracion2Test -->
