<?xml version="1.0" encoding="UTF-8"?>
<!-- Generated by org.testng.reporters.JUnitReportReporter -->
<testsuite hostname="PE-HO-195" failures="0" tests="2" name="com.FormularioFDC.test.CargaMasivaFDCTest" time="108.315" errors="0" timestamp="14 ene. 2022 19:32:11 GMT" skipped="0">
  <testcase classname="com.FormularioFDC.test.CargaMasivaFDCTest" name="CargarDEXPortalFedepalma" time="52.982"/>
  <testcase classname="com.FormularioFDC.test.CargaMasivaFDCTest" name="CargaFMMPortalFedepalma" time="55.333"/>
</testsuite> <!-- com.FormularioFDC.test.CargaMasivaFDCTest -->
