<?xml version="1.0" encoding="UTF-8"?>
<!-- Generated by org.testng.reporters.JUnitReportReporter -->
<testsuite hostname="PE-HO-195" failures="0" tests="1" name="com.FormularioFDC.test.CrearTest" time="2039.349" errors="0" timestamp="20 ene. 2022 22:31:39 GMT" skipped="0">
  <testcase classname="com.FormularioFDC.test.CrearTest" name="CrearPolizaPortalFedepalma" time="2039.349"/>
</testsuite> <!-- com.FormularioFDC.test.CrearTest -->
