<?xml version="1.0" encoding="UTF-8"?>
<!-- Generated by org.testng.reporters.JUnitReportReporter -->
<testsuite hostname="PE-HO-274" failures="0" tests="1" name="com.AdministracionFiniquitos.test.CrearTest" time="34.022" errors="0" timestamp="22 sep. 2022 16:33:02 GMT" skipped="0">
  <testcase classname="com.AdministracionFiniquitos.test.CrearTest" name="ConsultarFCPPortalFedepalma" time="34.022"/>
</testsuite> <!-- com.AdministracionFiniquitos.test.CrearTest -->
