<?xml version="1.0" encoding="UTF-8"?>
<!-- Generated by org.testng.reporters.JUnitReportReporter -->
<testsuite hostname="PE-HO-195" failures="0" tests="1" name="com.ConsultaDCD.test.ExepcionCMDCDTest" time="57.871" errors="0" timestamp="17 ene. 2022 20:06:54 GMT" skipped="0">
  <testcase classname="com.ConsultaDCD.test.ExepcionCMDCDTest" name="CargarDCDPortalFedepalma" time="57.871"/>
</testsuite> <!-- com.ConsultaDCD.test.ExepcionCMDCDTest -->
