<?xml version="1.0" encoding="UTF-8"?>
<!-- Generated by org.testng.reporters.JUnitReportReporter -->
<testsuite hostname="PE-HO-365" failures="0" tests="1" name="com.FormularioNuevoFFP.test.ConsultarFFPTest" time="109.761" errors="0" timestamp="14 oct. 2021 17:16:38 GMT" skipped="0">
  <testcase classname="com.FormularioNuevoFFP.test.ConsultarFFPTest" name="ConsultaFFP" time="109.761"/>
</testsuite> <!-- com.FormularioNuevoFFP.test.ConsultarFFPTest -->
