<?xml version="1.0" encoding="UTF-8"?>
<!-- Generated by org.testng.reporters.JUnitReportReporter -->
<testsuite hostname="PE-HO-365" failures="0" tests="1" name="com.FormularioFDC.test.RechazarDCDTest" time="361.721" errors="0" timestamp="31 ago. 2021 23:05:20 GMT" skipped="0">
  <testcase classname="com.FormularioFDC.test.RechazarDCDTest" name="RechazarDCDPortalFedepalma" time="361.721"/>
</testsuite> <!-- com.FormularioFDC.test.RechazarDCDTest -->
