<?xml version="1.0" encoding="UTF-8"?>
<!-- Generated by org.testng.reporters.JUnitReportReporter -->
<testsuite hostname="PE-HO-195" failures="0" tests="1" name="com.FormularioFSC.test.ExepcionFSCTest" time="44.812" errors="0" timestamp="17 ene. 2022 21:30:11 GMT" skipped="0">
  <testcase classname="com.FormularioFSC.test.ExepcionFSCTest" name="ExepcionCrear" time="44.812"/>
</testsuite> <!-- com.FormularioFSC.test.ExepcionFSCTest -->
