<?xml version="1.0" encoding="UTF-8"?>
<!-- Generated by org.testng.reporters.JUnitReportReporter -->
<testsuite hostname="PE-HO-274" failures="0" tests="1" name="com.ConsultaDCD.test.CargaMasivaDCDTest" time="168.576" errors="0" timestamp="20 sep. 2022 14:18:06 GMT" skipped="0">
  <testcase classname="com.ConsultaDCD.test.CargaMasivaDCDTest" name="CargarDCDPortalFedepalma" time="168.576"/>
</testsuite> <!-- com.ConsultaDCD.test.CargaMasivaDCDTest -->
