<?xml version="1.0" encoding="UTF-8"?>
<!-- Generated by org.testng.reporters.JUnitReportReporter -->
<testsuite hostname="PE-HO-507" failures="0" tests="1" name="com.ConsultaDCD.test.ExepcionCMDCDTest" time="104.011" errors="0" timestamp="23 sept 2022 17:52:57 GMT" skipped="0">
  <testcase classname="com.ConsultaDCD.test.ExepcionCMDCDTest" name="CargarDCDPortalFedepalma" time="104.011"/>
</testsuite> <!-- com.ConsultaDCD.test.ExepcionCMDCDTest -->
