<?xml version="1.0" encoding="UTF-8"?>
<!-- Generated by org.testng.reporters.JUnitReportReporter -->
<testsuite hostname="PE-HO-365" failures="0" tests="1" name="com.FormularioFDC.test.HistorialFDCTest" time="100.436" errors="0" timestamp="31 ago. 2021 21:08:49 GMT" skipped="0">
  <testcase classname="com.FormularioFDC.test.HistorialFDCTest" name="HistorialFDCPortalFedepalma" time="100.436"/>
</testsuite> <!-- com.FormularioFDC.test.HistorialFDCTest -->
